[03-Jun-2016 13:51:27 America/Sao_Paulo] PHP Notice:  Undefined variable: servidor in /var/www/novacantu.com/adm/login.php on line 19
[03-Jun-2016 13:51:27 America/Sao_Paulo] PHP Notice:  Undefined variable: banco in /var/www/novacantu.com/adm/login.php on line 19
[03-Jun-2016 13:51:27 America/Sao_Paulo] PHP Notice:  Undefined variable: usuario in /var/www/novacantu.com/adm/login.php on line 19
[03-Jun-2016 13:51:28 America/Sao_Paulo] PHP Notice:  Undefined variable: servidor in /var/www/novacantu.com/adm/login.php on line 19
[03-Jun-2016 13:51:28 America/Sao_Paulo] PHP Notice:  Undefined variable: banco in /var/www/novacantu.com/adm/login.php on line 19
[03-Jun-2016 13:51:28 America/Sao_Paulo] PHP Notice:  Undefined variable: usuario in /var/www/novacantu.com/adm/login.php on line 19
[03-Jun-2016 13:51:29 America/Sao_Paulo] PHP Notice:  Undefined variable: servidor in /var/www/novacantu.com/adm/login.php on line 19
[03-Jun-2016 13:51:29 America/Sao_Paulo] PHP Notice:  Undefined variable: banco in /var/www/novacantu.com/adm/login.php on line 19
[03-Jun-2016 13:51:29 America/Sao_Paulo] PHP Notice:  Undefined variable: usuario in /var/www/novacantu.com/adm/login.php on line 19
[03-Jun-2016 13:51:40 America/Sao_Paulo] PHP Notice:  Undefined variable: servidor in /var/www/novacantu.com/adm/login.php on line 19
[03-Jun-2016 13:51:40 America/Sao_Paulo] PHP Notice:  Undefined variable: banco in /var/www/novacantu.com/adm/login.php on line 19
[03-Jun-2016 13:51:40 America/Sao_Paulo] PHP Notice:  Undefined variable: usuario in /var/www/novacantu.com/adm/login.php on line 19
[03-Jun-2016 13:53:10 America/Sao_Paulo] PHP Fatal error:  Namespace declaration statement has to be the very first statement in the script in /var/www/novacantu.com/adm/src/Sys/Conexao.php on line 3
[03-Jun-2016 13:53:11 America/Sao_Paulo] PHP Fatal error:  Namespace declaration statement has to be the very first statement in the script in /var/www/novacantu.com/adm/src/Sys/Conexao.php on line 3
[03-Jun-2016 13:53:12 America/Sao_Paulo] PHP Fatal error:  Namespace declaration statement has to be the very first statement in the script in /var/www/novacantu.com/adm/src/Sys/Conexao.php on line 3
[03-Jun-2016 13:53:13 America/Sao_Paulo] PHP Fatal error:  Namespace declaration statement has to be the very first statement in the script in /var/www/novacantu.com/adm/src/Sys/Conexao.php on line 3
[03-Jun-2016 13:53:14 America/Sao_Paulo] PHP Fatal error:  Namespace declaration statement has to be the very first statement in the script in /var/www/novacantu.com/adm/src/Sys/Conexao.php on line 3
[03-Jun-2016 13:53:24 America/Sao_Paulo] PHP Fatal error:  Namespace declaration statement has to be the very first statement in the script in /var/www/novacantu.com/adm/src/Sys/Conexao.php on line 3
[03-Jun-2016 13:57:45 America/Sao_Paulo] PHP Fatal error:  Cannot use Sys\Sessao as Sessao because the name is already in use in /var/www/novacantu.com/adm/login.php on line 35
[03-Jun-2016 13:57:46 America/Sao_Paulo] PHP Fatal error:  Cannot use Sys\Sessao as Sessao because the name is already in use in /var/www/novacantu.com/adm/login.php on line 35
[03-Jun-2016 13:58:08 America/Sao_Paulo] PHP Fatal error:  Cannot use Sys\Sessao as Sessao because the name is already in use in /var/www/novacantu.com/adm/login.php on line 35
[03-Jun-2016 13:58:10 America/Sao_Paulo] PHP Fatal error:  Cannot use Sys\Sessao as Sessao because the name is already in use in /var/www/novacantu.com/adm/login.php on line 35
[03-Jun-2016 13:59:38 America/Sao_Paulo] PHP Notice:  Undefined variable: sessao in /var/www/novacantu.com/adm/login.php on line 35
[03-Jun-2016 13:59:38 America/Sao_Paulo] PHP Fatal error:  Call to a member function existe() on null in /var/www/novacantu.com/adm/login.php on line 35
[03-Jun-2016 13:59:39 America/Sao_Paulo] PHP Notice:  Undefined variable: sessao in /var/www/novacantu.com/adm/login.php on line 35
[03-Jun-2016 13:59:39 America/Sao_Paulo] PHP Fatal error:  Call to a member function existe() on null in /var/www/novacantu.com/adm/login.php on line 35
[03-Jun-2016 13:59:44 America/Sao_Paulo] PHP Notice:  Undefined variable: sessao in /var/www/novacantu.com/adm/login.php on line 35
[03-Jun-2016 13:59:44 America/Sao_Paulo] PHP Fatal error:  Call to a member function existe() on null in /var/www/novacantu.com/adm/login.php on line 35
[03-Jun-2016 13:59:51 America/Sao_Paulo] PHP Notice:  Undefined variable: sessao in /var/www/novacantu.com/adm/login.php on line 35
[03-Jun-2016 13:59:51 America/Sao_Paulo] PHP Fatal error:  Call to a member function existe() on null in /var/www/novacantu.com/adm/login.php on line 35
[03-Jun-2016 13:59:56 America/Sao_Paulo] PHP Notice:  Undefined variable: sessao in /var/www/novacantu.com/adm/login.php on line 35
[03-Jun-2016 13:59:56 America/Sao_Paulo] PHP Fatal error:  Call to a member function existe() on null in /var/www/novacantu.com/adm/login.php on line 35
[03-Jun-2016 14:00:15 America/Sao_Paulo] PHP Parse error:  syntax error, unexpected '}' in /var/www/novacantu.com/adm/login.php on line 38
[03-Jun-2016 14:01:07 America/Sao_Paulo] PHP Parse error:  syntax error, unexpected '}' in /var/www/novacantu.com/adm/login.php on line 38
